Using pre-set license
Built from '2020.3/staging' branch; Version is '2020.3.26f1 (7298b473bc1a) revision 7510196'; Using compiler version '192528614'; Build Type 'Release'
OS: 'Windows 10  (10.0.19043) 64bit Core' Language: 'en' Physical Memory: 16182 MB
BatchMode: 1, IsHumanControllingUs: 0, StartBugReporterOnCrash: 0, Is64bit: 1, IsPro: 0

COMMAND LINE ARGUMENTS:
C:\Program Files\Unity 2020.3.26f1\Editor\Unity.exe
-adb2
-batchMode
-noUpm
-name
AssetImportWorker0
-projectPath
C:/Users/camps/Desktop/Schoolwork/Intro to Game Programming/Projects/Mission-Demolition/MissionDemolitionUnity
-logFile
Logs/AssetImportWorker0.log
-srvPort
1030
Successfully changed project path to: C:/Users/camps/Desktop/Schoolwork/Intro to Game Programming/Projects/Mission-Demolition/MissionDemolitionUnity
C:/Users/camps/Desktop/Schoolwork/Intro to Game Programming/Projects/Mission-Demolition/MissionDemolitionUnity
Using Asset Import Pipeline V2.
Refreshing native plugins compatible for Editor in 31.03 ms, found 2 plugins.
Preloading 0 native plugins for Editor in 0.00 ms.
Initialize engine version: 2020.3.26f1 (7298b473bc1a)
[Subsystems] Discovering subsystems at path C:/Program Files/Unity 2020.3.26f1/Editor/Data/Resources/UnitySubsystems
[Subsystems] Discovering subsystems at path C:/Users/camps/Desktop/Schoolwork/Intro to Game Programming/Projects/Mission-Demolition/MissionDemolitionUnity/Assets
GfxDevice: creating device client; threaded=0
Direct3D:
    Version:  Direct3D 11.0 [level 11.1]
    Renderer: NVIDIA GeForce MX150 (ID=0x1d12)
    Vendor:   
    VRAM:     1983 MB
    Driver:   27.21.14.6259
Initialize mono
Mono path[0] = 'C:/Program Files/Unity 2020.3.26f1/Editor/Data/Managed'
Mono path[1] = 'C:/Program Files/Unity 2020.3.26f1/Editor/Data/MonoBleedingEdge/lib/mono/unityjit'
Mono config path = 'C:/Program Files/Unity 2020.3.26f1/Editor/Data/MonoBleedingEdge/etc'
Using monoOptions --debugger-agent=transport=dt_socket,embedding=1,server=y,suspend=n,address=127.0.0.1:56520
Begin MonoManager ReloadAssembly
Registering precompiled unity dll's ...
Register platform support module: C:/Program Files/Unity 2020.3.26f1/Editor/Data/PlaybackEngines/WindowsStandaloneSupport/UnityEditor.WindowsStandalone.Extensions.dll
Registered in 0.002278 seconds.
Native extension for WindowsStandalone target not found
Refreshing native plugins compatible for Editor in 26.76 ms, found 2 plugins.
Preloading 0 native plugins for Editor in 0.00 ms.
Mono: successfully reloaded assembly
- Completed reload, in  0.560 seconds
Domain Reload Profiling:
	ReloadAssembly (560ms)
		BeginReloadAssembly (58ms)
			ExecutionOrderSort (0ms)
			DisableScriptedObjects (0ms)
			BackupInstance (0ms)
			ReleaseScriptingObjects (0ms)
			CreateAndSetChildDomain (1ms)
		EndReloadAssembly (432ms)
			LoadAssemblies (54ms)
			RebuildTransferFunctionScriptingTraits (0ms)
			SetupTypeCache (152ms)
			ReleaseScriptCaches (0ms)
			RebuildScriptCaches (33ms)
			SetupLoadedEditorAssemblies (141ms)
				LogAssemblyErrors (0ms)
				InitializePlatformSupportModulesInManaged (4ms)
				SetLoadedEditorAssemblies (0ms)
				RefreshPlugins (27ms)
				BeforeProcessingInitializeOnLoad (9ms)
				ProcessInitializeOnLoadAttributes (77ms)
				ProcessInitializeOnLoadMethodAttributes (24ms)
				AfterProcessingInitializeOnLoad (0ms)
				EditorAssembliesLoaded (0ms)
			ExecutionOrderSort2 (0ms)
			AwakeInstancesAfterBackupRestoration (0ms)
Platform modules already initialized, skipping
Registering precompiled user dll's ...
Registered in 0.004587 seconds.
Begin MonoManager ReloadAssembly
Native extension for WindowsStandalone target not found
Refreshing native plugins compatible for Editor in 0.31 ms, found 2 plugins.
Preloading 0 native plugins for Editor in 0.00 ms.
Mono: successfully reloaded assembly
- Completed reload, in  0.883 seconds
Domain Reload Profiling:
	ReloadAssembly (883ms)
		BeginReloadAssembly (134ms)
			ExecutionOrderSort (0ms)
			DisableScriptedObjects (4ms)
			BackupInstance (0ms)
			ReleaseScriptingObjects (0ms)
			CreateAndSetChildDomain (20ms)
		EndReloadAssembly (691ms)
			LoadAssemblies (79ms)
			RebuildTransferFunctionScriptingTraits (0ms)
			SetupTypeCache (261ms)
			ReleaseScriptCaches (0ms)
			RebuildScriptCaches (36ms)
			SetupLoadedEditorAssemblies (241ms)
				LogAssemblyErrors (0ms)
				InitializePlatformSupportModulesInManaged (4ms)
				SetLoadedEditorAssemblies (0ms)
				RefreshPlugins (0ms)
				BeforeProcessingInitializeOnLoad (47ms)
				ProcessInitializeOnLoadAttributes (176ms)
				ProcessInitializeOnLoadMethodAttributes (8ms)
				AfterProcessingInitializeOnLoad (6ms)
				EditorAssembliesLoaded (0ms)
			ExecutionOrderSort2 (0ms)
			AwakeInstancesAfterBackupRestoration (6ms)
Platform modules already initialized, skipping
========================================================================
Worker process is ready to serve import requests
Launched and connected shader compiler UnityShaderCompiler.exe after 0.09 seconds
Refreshing native plugins compatible for Editor in 0.40 ms, found 2 plugins.
Preloading 0 native plugins for Editor in 0.00 ms.
Unloading 1503 Unused Serialized files (Serialized files now loaded: 0)
System memory in use before: 68.1 MB.
System memory in use after: 68.2 MB.

Unloading 19 unused Assets to reduce memory usage. Loaded Objects now: 1935.
Total: 2.704600 ms (FindLiveObjects: 0.171200 ms CreateObjectMapping: 0.049600 ms MarkObjects: 2.375800 ms  DeleteObjects: 0.107100 ms)

AssetImportParameters requested are different than current active one (requested -> active):
  custom:framework-win-MediaFoundation: 216162199b28c13a410421893ffa2e32 -> 
  custom:video-decoder-ogg-theora: a1e56fd34408186e4bbccfd4996cb3dc -> 
  custom:container-muxer-webm: aa71ff27fc2769a1b78a27578f13a17b -> 
  custom:container-demuxer-webm: 4f35f7cbe854078d1ac9338744f61a02 -> 
  custom:container-demuxer-ogg: 62fdf1f143b41e24485cea50d1cbac27 -> 
  custom:video-encoder-webm-vp8: eb34c28f22e8b96e1ab97ce403110664 -> 
  custom:video-decoder-webm-vp8: 9c59270c3fd7afecdb556c50c9e8de78 -> 
  custom:audio-decoder-ogg-vorbis: bf7c407c2cedff20999df2af8eb42d56 -> 
  custom:audio-encoder-webm-vorbis: bf7c407c2cedff20999df2af8eb42d56 -> 
========================================================================
Received Import Request.
  path: Assets
  artifactKey: Guid(00000000000000001000000000000000) Importer(815301076,1909f56bfc062723c751e8b465ee728b)
Start importing Assets using Guid(00000000000000001000000000000000) Importer(815301076,1909f56bfc062723c751e8b465ee728b)  -> (artifact id: '42d402b061de3733987d63b9cc3b64de') in 0.008968 seconds 
  Import took 0.012121 seconds .

========================================================================
Received Import Request.
  Time since last request: 2.358252 seconds.
  path: Assets/Materials
  artifactKey: Guid(e77f39553e426454db178b149dcf4043) Importer(815301076,1909f56bfc062723c751e8b465ee728b)
Start importing Assets/Materials using Guid(e77f39553e426454db178b149dcf4043) Importer(815301076,1909f56bfc062723c751e8b465ee728b)  -> (artifact id: 'e3650aaf441b5aa95666c6abf0928224') in 0.011465 seconds 
  Import took 0.014757 seconds .

========================================================================
Received Import Request.
  Time since last request: 6.515196 seconds.
  path: Assets/Scripts
  artifactKey: Guid(7bee235944811d74997793e9574d0e97) Importer(815301076,1909f56bfc062723c751e8b465ee728b)
Start importing Assets/Scripts using Guid(7bee235944811d74997793e9574d0e97) Importer(815301076,1909f56bfc062723c751e8b465ee728b)  -> (artifact id: '5ddeb561bc2ded36f5ad61bead85c257') in 0.009857 seconds 
  Import took 0.012874 seconds .

========================================================================
Received Import Request.
  Time since last request: 5.356246 seconds.
  path: Assets/Prefabs
  artifactKey: Guid(5892e696fb1525a43bdba6ae32dc8cf8) Importer(815301076,1909f56bfc062723c751e8b465ee728b)
Start importing Assets/Prefabs using Guid(5892e696fb1525a43bdba6ae32dc8cf8) Importer(815301076,1909f56bfc062723c751e8b465ee728b)  -> (artifact id: '67a52aa5d235e8c726cc557bb31c350e') in 0.010065 seconds 
  Import took 0.013339 seconds .

========================================================================
Received Import Request.
  Time since last request: 9.612459 seconds.
  path: Assets/Materials/Mat_Ground.mat
  artifactKey: Guid(4d2ef72c3d435b04ea13e6462c68b080) Importer(815301076,1909f56bfc062723c751e8b465ee728b)
Start importing Assets/Materials/Mat_Ground.mat using Guid(4d2ef72c3d435b04ea13e6462c68b080) Importer(815301076,1909f56bfc062723c751e8b465ee728b)  -> (artifact id: '27a0ddb10d29debbebba7052563dac6b') in 0.134222 seconds 
  Import took 0.137320 seconds .

========================================================================
Received Prepare
Registering precompiled user dll's ...
Registered in 0.004357 seconds.
Begin MonoManager ReloadAssembly
Native extension for WindowsStandalone target not found
Refreshing native plugins compatible for Editor in 0.32 ms, found 2 plugins.
Preloading 0 native plugins for Editor in 0.00 ms.
Mono: successfully reloaded assembly
- Completed reload, in  0.910 seconds
Domain Reload Profiling:
	ReloadAssembly (911ms)
		BeginReloadAssembly (110ms)
			ExecutionOrderSort (0ms)
			DisableScriptedObjects (4ms)
			BackupInstance (0ms)
			ReleaseScriptingObjects (0ms)
			CreateAndSetChildDomain (30ms)
		EndReloadAssembly (746ms)
			LoadAssemblies (78ms)
			RebuildTransferFunctionScriptingTraits (0ms)
			SetupTypeCache (231ms)
			ReleaseScriptCaches (1ms)
			RebuildScriptCaches (32ms)
			SetupLoadedEditorAssemblies (323ms)
				LogAssemblyErrors (0ms)
				InitializePlatformSupportModulesInManaged (4ms)
				SetLoadedEditorAssemblies (1ms)
				RefreshPlugins (0ms)
				BeforeProcessingInitializeOnLoad (48ms)
				ProcessInitializeOnLoadAttributes (252ms)
				ProcessInitializeOnLoadMethodAttributes (10ms)
				AfterProcessingInitializeOnLoad (8ms)
				EditorAssembliesLoaded (0ms)
			ExecutionOrderSort2 (0ms)
			AwakeInstancesAfterBackupRestoration (9ms)
Platform modules already initialized, skipping
Refreshing native plugins compatible for Editor in 0.61 ms, found 2 plugins.
Preloading 0 native plugins for Editor in 0.00 ms.
Unloading 1497 Unused Serialized files (Serialized files now loaded: 0)
System memory in use before: 71.3 MB.
System memory in use after: 71.4 MB.

Unloading 14 unused Assets to reduce memory usage. Loaded Objects now: 1977.
Total: 3.090400 ms (FindLiveObjects: 0.128800 ms CreateObjectMapping: 0.043500 ms MarkObjects: 2.896400 ms  DeleteObjects: 0.017600 ms)

AssetImportParameters requested are different than current active one (requested -> active):
  custom:framework-win-MediaFoundation: 216162199b28c13a410421893ffa2e32 -> 
  custom:video-decoder-ogg-theora: a1e56fd34408186e4bbccfd4996cb3dc -> 
  custom:container-muxer-webm: aa71ff27fc2769a1b78a27578f13a17b -> 
  custom:container-demuxer-webm: 4f35f7cbe854078d1ac9338744f61a02 -> 
  custom:container-demuxer-ogg: 62fdf1f143b41e24485cea50d1cbac27 -> 
  custom:video-encoder-webm-vp8: eb34c28f22e8b96e1ab97ce403110664 -> 
  custom:video-decoder-webm-vp8: 9c59270c3fd7afecdb556c50c9e8de78 -> 
  custom:audio-decoder-ogg-vorbis: bf7c407c2cedff20999df2af8eb42d56 -> 
  custom:audio-encoder-webm-vorbis: bf7c407c2cedff20999df2af8eb42d56 -> 
========================================================================
Received Import Request.
  Time since last request: 194.582969 seconds.
  path: Assets/Prefabs/Ground.prefab
  artifactKey: Guid(413de3be949266b46ac2b75cb86de1d7) Importer(815301076,1909f56bfc062723c751e8b465ee728b)
Start importing Assets/Prefabs/Ground.prefab using Guid(413de3be949266b46ac2b75cb86de1d7) Importer(815301076,1909f56bfc062723c751e8b465ee728b)  -> (artifact id: '20f4954f0feba74c155edafdfb45ee4f') in 0.062445 seconds 
  Import took 0.064830 seconds .

========================================================================
Received Import Request.
  Time since last request: 62.816054 seconds.
  path: Assets/Materials/Mat_Slingshot.mat
  artifactKey: Guid(b799f1ee5a0c14f40a7e444109377cee) Importer(815301076,1909f56bfc062723c751e8b465ee728b)
Start importing Assets/Materials/Mat_Slingshot.mat using Guid(b799f1ee5a0c14f40a7e444109377cee) Importer(815301076,1909f56bfc062723c751e8b465ee728b)  -> (artifact id: '6e33c44ef1c45cd034e9a3442b2daebf') in 0.045756 seconds 
  Import took 0.048695 seconds .

========================================================================
Received Import Request.
  Time since last request: 189.176886 seconds.
  path: Assets/Materials/Mat_Ground.mat
  artifactKey: Guid(4d2ef72c3d435b04ea13e6462c68b080) Importer(815301076,1909f56bfc062723c751e8b465ee728b)
Start importing Assets/Materials/Mat_Ground.mat using Guid(4d2ef72c3d435b04ea13e6462c68b080) Importer(815301076,1909f56bfc062723c751e8b465ee728b)  -> (artifact id: '2c3ff68a11f087f14fb30316b78a3cb5') in 0.031185 seconds 
  Import took 0.034821 seconds .

========================================================================
Received Import Request.
  Time since last request: 0.000308 seconds.
  path: Assets/Materials/Mat_Slingshot.mat
  artifactKey: Guid(b799f1ee5a0c14f40a7e444109377cee) Importer(815301076,1909f56bfc062723c751e8b465ee728b)
Start importing Assets/Materials/Mat_Slingshot.mat using Guid(b799f1ee5a0c14f40a7e444109377cee) Importer(815301076,1909f56bfc062723c751e8b465ee728b)  -> (artifact id: '71aa7ca8c55da026c1e40fb443e0da7c') in 0.021526 seconds 
  Import took 0.025364 seconds .

========================================================================
Received Import Request.
  Time since last request: 4.638786 seconds.
  path: Assets/Scenes
  artifactKey: Guid(2d3c25c600efe0d4c99c6299d96f6d97) Importer(815301076,1909f56bfc062723c751e8b465ee728b)
Start importing Assets/Scenes using Guid(2d3c25c600efe0d4c99c6299d96f6d97) Importer(815301076,1909f56bfc062723c751e8b465ee728b)  -> (artifact id: '5e5068ef623513749ca07465f5a7abb5') in 0.008733 seconds 
  Import took 0.011843 seconds .

========================================================================
Received Import Request.
  Time since last request: 1.226912 seconds.
  path: Assets/Scenes/SampleScene.unity
  artifactKey: Guid(9fc0d4010bbf28b4594072e72b8655ab) Importer(815301076,1909f56bfc062723c751e8b465ee728b)
Start importing Assets/Scenes/SampleScene.unity using Guid(9fc0d4010bbf28b4594072e72b8655ab) Importer(815301076,1909f56bfc062723c751e8b465ee728b)  -> (artifact id: 'd6dd9329147f6d2fbdd56d2a2445bb82') in 0.008084 seconds 
  Import took 0.010955 seconds .

========================================================================
Received Import Request.
  Time since last request: 15.080766 seconds.
  path: Assets/Scenes/Scene_0.unity
  artifactKey: Guid(9fc0d4010bbf28b4594072e72b8655ab) Importer(815301076,1909f56bfc062723c751e8b465ee728b)
Start importing Assets/Scenes/Scene_0.unity using Guid(9fc0d4010bbf28b4594072e72b8655ab) Importer(815301076,1909f56bfc062723c751e8b465ee728b)  -> (artifact id: '99bd1f1e2d2c904856f34984fb568e20') in 0.009126 seconds 
  Import took 0.012807 seconds .

========================================================================
Received Import Request.
  Time since last request: 31.955294 seconds.
  path: Assets/Materials/Mat_Projectile.mat
  artifactKey: Guid(d03f5071fd35e0941bcbfb3824822257) Importer(815301076,1909f56bfc062723c751e8b465ee728b)
Start importing Assets/Materials/Mat_Projectile.mat using Guid(d03f5071fd35e0941bcbfb3824822257) Importer(815301076,1909f56bfc062723c751e8b465ee728b)  -> (artifact id: 'ccd4fda7717ee140a2230e473048c3a4') in 0.016189 seconds 
  Import took 0.020115 seconds .

========================================================================
Received Import Request.
  Time since last request: 50.749354 seconds.
  path: Assets/Prefabs/Projectile.prefab
  artifactKey: Guid(75f21509926bbe84cb0b8ea28881d40c) Importer(815301076,1909f56bfc062723c751e8b465ee728b)
Start importing Assets/Prefabs/Projectile.prefab using Guid(75f21509926bbe84cb0b8ea28881d40c) Importer(815301076,1909f56bfc062723c751e8b465ee728b)  -> (artifact id: 'de307458458f724eabbb6921e123deb8') in 0.014762 seconds 
  Import took 0.018961 seconds .

========================================================================
Received Import Request.
  Time since last request: 31.594881 seconds.
  path: Assets/Materials/Mat_Projectile.mat
  artifactKey: Guid(d03f5071fd35e0941bcbfb3824822257) Importer(815301076,1909f56bfc062723c751e8b465ee728b)
Start importing Assets/Materials/Mat_Projectile.mat using Guid(d03f5071fd35e0941bcbfb3824822257) Importer(815301076,1909f56bfc062723c751e8b465ee728b)  -> (artifact id: 'cda7b3a460d62903d3203b959118f0cd') in 0.018013 seconds 
  Import took 0.020933 seconds .

========================================================================
Received Import Request.
  Time since last request: 42.116367 seconds.
  path: Assets/Scripts/Slingshot.cs
  artifactKey: Guid(1776b53e2e6d93740b184cbcda4e236e) Importer(815301076,1909f56bfc062723c751e8b465ee728b)
Start importing Assets/Scripts/Slingshot.cs using Guid(1776b53e2e6d93740b184cbcda4e236e) Importer(815301076,1909f56bfc062723c751e8b465ee728b)  -> (artifact id: '21c01080364a0a4d259cdbc187dbaf8c') in 0.020662 seconds 
  Import took 0.023739 seconds .

========================================================================
Received Prepare
Registering precompiled user dll's ...
Registered in 0.004516 seconds.
Begin MonoManager ReloadAssembly
Native extension for WindowsStandalone target not found
Refreshing native plugins compatible for Editor in 0.35 ms, found 2 plugins.
Preloading 0 native plugins for Editor in 0.00 ms.
Mono: successfully reloaded assembly
- Completed reload, in  1.005 seconds
Domain Reload Profiling:
	ReloadAssembly (1006ms)
		BeginReloadAssembly (117ms)
			ExecutionOrderSort (0ms)
			DisableScriptedObjects (4ms)
			BackupInstance (0ms)
			ReleaseScriptingObjects (0ms)
			CreateAndSetChildDomain (37ms)
		EndReloadAssembly (828ms)
			LoadAssemblies (86ms)
			RebuildTransferFunctionScriptingTraits (0ms)
			SetupTypeCache (273ms)
			ReleaseScriptCaches (1ms)
			RebuildScriptCaches (57ms)
			SetupLoadedEditorAssemblies (268ms)
				LogAssemblyErrors (0ms)
				InitializePlatformSupportModulesInManaged (5ms)
				SetLoadedEditorAssemblies (1ms)
				RefreshPlugins (0ms)
				BeforeProcessingInitializeOnLoad (57ms)
				ProcessInitializeOnLoadAttributes (190ms)
				ProcessInitializeOnLoadMethodAttributes (7ms)
				AfterProcessingInitializeOnLoad (7ms)
				EditorAssembliesLoaded (0ms)
			ExecutionOrderSort2 (0ms)
			AwakeInstancesAfterBackupRestoration (6ms)
Platform modules already initialized, skipping
Refreshing native plugins compatible for Editor in 0.34 ms, found 2 plugins.
Preloading 0 native plugins for Editor in 0.00 ms.
Unloading 1498 Unused Serialized files (Serialized files now loaded: 0)
System memory in use before: 71.5 MB.
System memory in use after: 71.6 MB.

Unloading 14 unused Assets to reduce memory usage. Loaded Objects now: 1983.
Total: 2.562600 ms (FindLiveObjects: 0.144500 ms CreateObjectMapping: 0.037600 ms MarkObjects: 2.364800 ms  DeleteObjects: 0.014800 ms)

AssetImportParameters requested are different than current active one (requested -> active):
  custom:framework-win-MediaFoundation: 216162199b28c13a410421893ffa2e32 -> 
  custom:video-decoder-ogg-theora: a1e56fd34408186e4bbccfd4996cb3dc -> 
  custom:container-muxer-webm: aa71ff27fc2769a1b78a27578f13a17b -> 
  custom:container-demuxer-webm: 4f35f7cbe854078d1ac9338744f61a02 -> 
  custom:container-demuxer-ogg: 62fdf1f143b41e24485cea50d1cbac27 -> 
  custom:video-encoder-webm-vp8: eb34c28f22e8b96e1ab97ce403110664 -> 
  custom:video-decoder-webm-vp8: 9c59270c3fd7afecdb556c50c9e8de78 -> 
  custom:audio-decoder-ogg-vorbis: bf7c407c2cedff20999df2af8eb42d56 -> 
  custom:audio-encoder-webm-vorbis: bf7c407c2cedff20999df2af8eb42d56 -> 
AssetImportWorkerClient::OnTransportError - code=2 error=End of file
